<?xml version="1.0" encoding="UTF-8"?>
<!-- Generated by org.testng.reporters.JUnitReportReporter -->
<testsuite name="com.appium.tests.FirstButtonTest" tests="1" time="7.982" ignored="0" failures="0" timestamp="10 Feb 2017 17:00:09 GMT" skipped="0" hostname="tims-mac-mini.corp.shastaqa.com" errors="0">
  <testcase name="clickFirstButton" time="7.982" classname="com.appium.tests.FirstButtonTest"/>
</testsuite> <!-- com.appium.tests.FirstButtonTest -->
