<?xml version="1.0" encoding="UTF-8"?>
<!-- Generated by org.testng.reporters.JUnitReportReporter -->
<testsuite name="testcases.WTETabTests" tests="11" time="14.955" ignored="0" failures="0" timestamp="08 Feb 2017 23:44:47 GMT" skipped="0" hostname="tims-mac-mini.corp.shastaqa.com" errors="0">
  <testcase name="project_planning_click" time="2.212" classname="testcases.WTETabTests"/>
  <testcase name="project_planning_displayed" time="0.245" classname="testcases.WTETabTests"/>
  <testcase name="project_mastery_displayed" time="0.171" classname="testcases.WTETabTests"/>
  <testcase name="needs_analysis_displayed" time="0.190" classname="testcases.WTETabTests"/>
  <testcase name="wte_tab_displayed" time="0.336" classname="testcases.WTETabTests"/>
  <testcase name="needs_analysis_click" time="2.159" classname="testcases.WTETabTests"/>
  <testcase name="project_mastery_click" time="4.899" classname="testcases.WTETabTests"/>
  <testcase name="project_execution_displayed" time="0.183" classname="testcases.WTETabTests"/>
  <testcase name="what_to_expect_click" time="2.167" classname="testcases.WTETabTests"/>
  <testcase name="what_to_expect_displayed" time="0.242" classname="testcases.WTETabTests"/>
  <testcase name="project_execution_click" time="2.151" classname="testcases.WTETabTests"/>
</testsuite> <!-- testcases.WTETabTests -->
