<?xml version="1.0" encoding="UTF-8"?>
<!-- Generated by org.testng.reporters.JUnitReportReporter -->
<testsuite name="testcases.AboutTabTests" tests="7" time="8.341" ignored="0" failures="0" timestamp="08 Feb 2017 23:44:47 GMT" skipped="0" hostname="tims-mac-mini.corp.shastaqa.com" errors="0">
  <testcase name="employment_click" time="2.217" classname="testcases.AboutTabTests"/>
  <testcase name="management_displayed" time="0.186" classname="testcases.AboutTabTests"/>
  <testcase name="about_shasta_click" time="2.793" classname="testcases.AboutTabTests"/>
  <testcase name="about_shasta_displayed" time="0.270" classname="testcases.AboutTabTests"/>
  <testcase name="about_tab_displayed" time="0.126" classname="testcases.AboutTabTests"/>
  <testcase name="employment_displayed" time="0.186" classname="testcases.AboutTabTests"/>
  <testcase name="management_click" time="2.563" classname="testcases.AboutTabTests"/>
</testsuite> <!-- testcases.AboutTabTests -->
