<?xml version="1.0" encoding="UTF-8"?>
<!-- Generated by org.testng.reporters.JUnitReportReporter -->
<testsuite name="testcases.AboutTabTests" tests="7" time="4.754" ignored="0" failures="0" timestamp="03 Feb 2017 23:22:29 GMT" skipped="0" hostname="tims-mac-mini.corp.shastaqa.com" errors="0">
  <testcase name="about_shasta_click" time="1.448" classname="testcases.AboutTabTests"/>
  <testcase name="about_shasta_displayed" time="0.242" classname="testcases.AboutTabTests"/>
  <testcase name="employment_displayed" time="0.172" classname="testcases.AboutTabTests"/>
  <testcase name="management_displayed" time="0.257" classname="testcases.AboutTabTests"/>
  <testcase name="management_click" time="1.275" classname="testcases.AboutTabTests"/>
  <testcase name="employment_click" time="1.217" classname="testcases.AboutTabTests"/>
  <testcase name="about_tab_displayed" time="0.143" classname="testcases.AboutTabTests"/>
</testsuite> <!-- testcases.AboutTabTests -->
