<?xml version="1.0" encoding="UTF-8"?>
<!-- Generated by org.testng.reporters.JUnitReportReporter -->
<testsuite name="testcases.ContactPageTests" tests="5" time="11.449" ignored="0" failures="0" timestamp="08 Feb 2017 23:44:47 GMT" skipped="0" hostname="tims-mac-mini.corp.shastaqa.com" errors="0">
  <testcase name="company_required" time="1.656" classname="testcases.ContactPageTests"/>
  <testcase name="full_name_required" time="5.280" classname="testcases.ContactPageTests"/>
  <testcase name="phone_required" time="1.486" classname="testcases.ContactPageTests"/>
  <testcase name="captcha_required" time="1.570" classname="testcases.ContactPageTests"/>
  <testcase name="email_required" time="1.457" classname="testcases.ContactPageTests"/>
</testsuite> <!-- testcases.ContactPageTests -->
