<?xml version="1.0" encoding="UTF-8"?>
<!-- Generated by org.testng.reporters.JUnitReportReporter -->
<testsuite name="testcases.TestingTabTests" tests="13" time="14.307" ignored="0" failures="0" timestamp="08 Feb 2017 23:44:47 GMT" skipped="0" hostname="tims-mac-mini.corp.shastaqa.com" errors="0">
  <testcase name="IV_V_displayed" time="0.183" classname="testcases.TestingTabTests"/>
  <testcase name="IV_V_click" time="2.138" classname="testcases.TestingTabTests"/>
  <testcase name="mobile_testing_displayed" time="0.196" classname="testcases.TestingTabTests"/>
  <testcase name="testing_tab_displayed" time="0.083" classname="testcases.TestingTabTests"/>
  <testcase name="automation_testing_displayed" time="0.179" classname="testcases.TestingTabTests"/>
  <testcase name="web_application_testing_click" time="2.213" classname="testcases.TestingTabTests"/>
  <testcase name="web_application_testing_displayed" time="0.196" classname="testcases.TestingTabTests"/>
  <testcase name="software_testing_services_click" time="2.178" classname="testcases.TestingTabTests"/>
  <testcase name="mobile_testing_click" time="2.197" classname="testcases.TestingTabTests"/>
  <testcase name="automation_testing_click" time="2.152" classname="testcases.TestingTabTests"/>
  <testcase name="software_testing_services_displayed" time="0.289" classname="testcases.TestingTabTests"/>
  <testcase name="test_management_click" time="2.136" classname="testcases.TestingTabTests"/>
  <testcase name="test_management_displayed" time="0.167" classname="testcases.TestingTabTests"/>
</testsuite> <!-- testcases.TestingTabTests -->
