<?xml version="1.0" encoding="UTF-8"?>
<!-- Generated by org.testng.reporters.JUnitReportReporter -->
<testsuite name="testcases.MgmtPageTests" tests="18" time="1.147" ignored="0" failures="0" timestamp="08 Feb 2017 23:44:47 GMT" skipped="0" hostname="tims-mac-mini.corp.shastaqa.com" errors="0">
  <testcase name="chrisTitleDisplayed" time="0.060" classname="testcases.MgmtPageTests"/>
  <testcase name="yukaNameDisplayed" time="0.078" classname="testcases.MgmtPageTests"/>
  <testcase name="donTitleDisplayed" time="0.063" classname="testcases.MgmtPageTests"/>
  <testcase name="ericTitleDisplayed" time="0.061" classname="testcases.MgmtPageTests"/>
  <testcase name="christinaNameDisplayed" time="0.066" classname="testcases.MgmtPageTests"/>
  <testcase name="mikeBTitleDisplayed" time="0.062" classname="testcases.MgmtPageTests"/>
  <testcase name="donNameDisplayed" time="0.064" classname="testcases.MgmtPageTests"/>
  <testcase name="christinaTitleDisplayed" time="0.060" classname="testcases.MgmtPageTests"/>
  <testcase name="annaTitleDisplayed" time="0.061" classname="testcases.MgmtPageTests"/>
  <testcase name="chrisNameDisplayed" time="0.061" classname="testcases.MgmtPageTests"/>
  <testcase name="jimNameDisplayed" time="0.066" classname="testcases.MgmtPageTests"/>
  <testcase name="mikeBNameDisplayed" time="0.060" classname="testcases.MgmtPageTests"/>
  <testcase name="ericNameDisplayed" time="0.062" classname="testcases.MgmtPageTests"/>
  <testcase name="mikeLTitleDisplayed" time="0.061" classname="testcases.MgmtPageTests"/>
  <testcase name="annaNameDisplayed" time="0.068" classname="testcases.MgmtPageTests"/>
  <testcase name="jimTitleDisplayed" time="0.072" classname="testcases.MgmtPageTests"/>
  <testcase name="mikeLNameDisplayed" time="0.059" classname="testcases.MgmtPageTests"/>
  <testcase name="yukaTitleDisplayed" time="0.063" classname="testcases.MgmtPageTests"/>
</testsuite> <!-- testcases.MgmtPageTests -->
