<?xml version="1.0" encoding="UTF-8"?>
<!-- Generated by org.testng.reporters.JUnitReportReporter -->
<testsuite name="testcases.NavigationBarTests" tests="1" time="1.856" ignored="0" failures="0" timestamp="03 Feb 2017 18:00:37 GMT" skipped="0" hostname="tims-mac-mini.corp.shastaqa.com" errors="0">
  <testcase name="about_tab" time="1.856" classname="testcases.NavigationBarTests"/>
</testsuite> <!-- testcases.NavigationBarTests -->
