<?xml version="1.0" encoding="UTF-8"?>
<!-- Generated by org.testng.reporters.JUnitReportReporter -->
<testsuite name="testcases.KCCTabTests" tests="7" time="8.466" ignored="0" failures="0" timestamp="08 Feb 2017 23:44:47 GMT" skipped="0" hostname="tims-mac-mini.corp.shastaqa.com" errors="0">
  <testcase name="Knowledge_center_click" time="2.177" classname="testcases.KCCTabTests"/>
  <testcase name="SQA_faqs_displayed" time="0.174" classname="testcases.KCCTabTests"/>
  <testcase name="Knowledge_center_displayed" time="0.281" classname="testcases.KCCTabTests"/>
  <testcase name="Contact_click" time="2.180" classname="testcases.KCCTabTests"/>
  <testcase name="KC_tab_displayed" time="1.220" classname="testcases.KCCTabTests"/>
  <testcase name="Contact_displayed" time="0.067" classname="testcases.KCCTabTests"/>
  <testcase name="SQA_faqs_click" time="2.367" classname="testcases.KCCTabTests"/>
</testsuite> <!-- testcases.KCCTabTests -->
