<?xml version="1.0" encoding="UTF-8"?>
<!-- Generated by org.testng.reporters.JUnitReportReporter -->
<testsuite name="testcases.MediaTabTests" tests="7" time="10.591" ignored="0" failures="0" timestamp="08 Feb 2017 23:44:47 GMT" skipped="0" hostname="tims-mac-mini.corp.shastaqa.com" errors="0">
  <testcase name="Press_room_click" time="2.204" classname="testcases.MediaTabTests"/>
  <testcase name="SMC_click" time="5.182" classname="testcases.MediaTabTests"/>
  <testcase name="Press_room_displayed" time="0.180" classname="testcases.MediaTabTests"/>
  <testcase name="media_tab_displayed" time="0.215" classname="testcases.MediaTabTests"/>
  <testcase name="SQA_displayed" time="0.334" classname="testcases.MediaTabTests"/>
  <testcase name="SMC_displayed" time="0.192" classname="testcases.MediaTabTests"/>
  <testcase name="SQA_click" time="2.284" classname="testcases.MediaTabTests"/>
</testsuite> <!-- testcases.MediaTabTests -->
