<?xml version="1.0" encoding="UTF-8"?>
<!-- Generated by org.testng.reporters.JUnitReportReporter -->
<testsuite name="testcases.LaunchWebsiteTest" tests="1" time="0.088" ignored="0" failures="0" timestamp="08 Feb 2017 23:44:47 GMT" skipped="0" hostname="tims-mac-mini.corp.shastaqa.com" errors="0">
  <testcase name="launch_site" time="0.088" classname="testcases.LaunchWebsiteTest"/>
</testsuite> <!-- testcases.LaunchWebsiteTest -->
