<?xml version="1.0" encoding="UTF-8"?>
<!-- Generated by org.testng.reporters.JUnitReportReporter -->
<testsuite name="testcases.SolutionsTabTests" tests="11" time="12.226" ignored="0" failures="0" timestamp="08 Feb 2017 23:44:47 GMT" skipped="0" hostname="tims-mac-mini.corp.shastaqa.com" errors="0">
  <testcase name="idd_click" time="2.142" classname="testcases.SolutionsTabTests"/>
  <testcase name="solutions_and_results_displayed" time="0.298" classname="testcases.SolutionsTabTests"/>
  <testcase name="qa_team_rev_click" time="2.182" classname="testcases.SolutionsTabTests"/>
  <testcase name="iv_v_click" time="2.137" classname="testcases.SolutionsTabTests"/>
  <testcase name="qa_infusion_displayed" time="0.268" classname="testcases.SolutionsTabTests"/>
  <testcase name="solutions_and_results_click" time="2.246" classname="testcases.SolutionsTabTests"/>
  <testcase name="solutions_tab_displayed" time="0.146" classname="testcases.SolutionsTabTests"/>
  <testcase name="iv_v_displayed" time="0.167" classname="testcases.SolutionsTabTests"/>
  <testcase name="qa_team_rev_displayed" time="0.195" classname="testcases.SolutionsTabTests"/>
  <testcase name="qa_infusion_click" time="2.289" classname="testcases.SolutionsTabTests"/>
  <testcase name="idd_displayed" time="0.156" classname="testcases.SolutionsTabTests"/>
</testsuite> <!-- testcases.SolutionsTabTests -->
