<?xml version="1.0" encoding="UTF-8"?>
<!-- Generated by org.testng.reporters.JUnitReportReporter -->
<testsuite name="testcases.TestingTabTests" tests="5" time="3.097" ignored="0" failures="0" timestamp="03 Feb 2017 23:22:29 GMT" skipped="0" hostname="tims-mac-mini.corp.shastaqa.com" errors="0">
  <testcase name="software_testing_services_displayed" time="0.249" classname="testcases.TestingTabTests"/>
  <testcase name="web_application_testing_displayed" time="0.207" classname="testcases.TestingTabTests"/>
  <testcase name="software_testing_services_click" time="1.382" classname="testcases.TestingTabTests"/>
  <testcase name="web_application_testing_click" time="1.171" classname="testcases.TestingTabTests"/>
  <testcase name="testing_tab_displayed" time="0.088" classname="testcases.TestingTabTests"/>
</testsuite> <!-- testcases.TestingTabTests -->
