<?xml version="1.0" encoding="UTF-8"?>
<!-- Generated by org.testng.reporters.JUnitReportReporter -->
<testsuite name="objectrepository.ContactPageTests" tests="4" time="10.327" ignored="0" failures="0" timestamp="08 Feb 2017 17:00:25 GMT" skipped="0" hostname="tims-mac-mini.corp.shastaqa.com" errors="0">
  <testcase name="full_name_required" time="6.034" classname="objectrepository.ContactPageTests"/>
  <testcase name="company_required" time="1.515" classname="objectrepository.ContactPageTests"/>
  <testcase name="phone_required" time="1.392" classname="objectrepository.ContactPageTests"/>
  <testcase name="email_required" time="1.386" classname="objectrepository.ContactPageTests"/>
</testsuite> <!-- objectrepository.ContactPageTests -->
